<?xml version='1.0' encoding='UTF-8'?>
<testsuite hostname="Applede-MacBook-Air.local" name="kaggle.houseprice.TestRegression" tests="1" errors="0" failures="0" skipped="0" time="65.861" timestamp="2020-07-10T18:29:08">
                     <properties>
[...]
</properties>
                     <testcase classname="kaggle.houseprice.TestRegression" name="Test write to csv" time="65.861">
                                                 
                                               </testcase>
                     <system-out><![CDATA[]]></system-out>
                     <system-err><![CDATA[]]></system-err>
                   </testsuite>